<?xml version="1.0" encoding="UTF-8"?>
<testsuite xmlns:xsi="http://www.w3.org/2001/XMLSchema-instance" xsi:noNamespaceSchemaLocation="https://maven.apache.org/surefire/maven-surefire-plugin/xsd/surefire-test-report-3.0.xsd" version="3.0" name="com.work.jobtracker.repository.JobRepositoryTest" time="3.766" tests="6" errors="0" skipped="0" failures="0">
  <properties>
[...]
</properties>
  <testcase name="findById_WhenJobExists_ShouldReturnJob" classname="com.work.jobtracker.repository.JobRepositoryTest" time="0.367">
    <system-out><![CDATA[2025-03-04T19:18:21.550+02:00  INFO 14204 --- [job-tracker] [           main] t.c.s.AnnotationConfigContextLoaderUtils : Could not detect default configuration classes for test class [com.work.jobtracker.repository.JobRepositoryTest]: JobRepositoryTest does not declare any static, non-private, non-final, nested classes annotated with @Configuration.
2025-03-04T19:18:21.616+02:00  INFO 14204 --- [job-tracker] [           main] .b.t.c.SpringBootTestContextBootstrapper : Found @SpringBootConfiguration com.work.jobtracker.JobTrackerApplication for test class com.work.jobtracker.repository.JobRepositoryTest
2025-03-04T19:18:21.756+02:00  INFO 14204 --- [job-tracker] [           main] o.s.b.d.r.RestartApplicationListener     : Restart disabled due to context in which it is running

  .   ____          _            __ _ _
 /\\ / ___'_ __ _ _(_)_ __  __ _ \ \ \ \
( ( )\___ | '_ | '_| | '_ \/ _` | \ \ \ \
 \\/  ___)| |_)| | | | | || (_| |  ) ) ) )
  '  |____| .__|_| |_|_| |_\__, | / / / /
 =========|_|==============|___/=/_/_/_/
 :: Spring Boot ::                (v3.2.3)

2025-03-04T19:18:21.945+02:00  INFO 14204 --- [job-tracker] [           main] c.w.j.repository.JobRepositoryTest       : Starting JobRepositoryTest using Java 21.0.6 with PID 14204 (started by Laptop in C:\Users\Laptop\Desktop\Job Tracker\job-tracker)
2025-03-04T19:18:21.945+02:00 DEBUG 14204 --- [job-tracker] [           main] c.w.j.repository.JobRepositoryTest       : Running with Spring Boot v3.2.3, Spring v6.1.4
2025-03-04T19:18:21.946+02:00  INFO 14204 --- [job-tracker] [           main] c.w.j.repository.JobRepositoryTest       : The following 1 profile is active: "test"
2025-03-04T19:18:22.666+02:00  INFO 14204 --- [job-tracker] [           main] .s.d.r.c.RepositoryConfigurationDelegate : Bootstrapping Spring Data JPA repositories in DEFAULT mode.
2025-03-04T19:18:22.708+02:00  INFO 14204 --- [job-tracker] [           main] .s.d.r.c.RepositoryConfigurationDelegate : Finished Spring Data repository scanning in 40 ms. Found 1 JPA repository interface.
2025-03-04T19:18:22.754+02:00  INFO 14204 --- [job-tracker] [           main] beddedDataSourceBeanFactoryPostProcessor : Replacing 'dataSource' DataSource bean with embedded version
2025-03-04T19:18:22.843+02:00  INFO 14204 --- [job-tracker] [           main] o.s.j.d.e.EmbeddedDatabaseFactory        : Starting embedded database: url='jdbc:h2:mem:1cec7127-84e6-4283-a18a-6fa91fc884b7;DB_CLOSE_DELAY=-1;DB_CLOSE_ON_EXIT=false', username='sa'
2025-03-04T19:18:22.895+02:00  INFO 14204 --- [job-tracker] [           main] o.hibernate.jpa.internal.util.LogHelper  : HHH000204: Processing PersistenceUnitInfo [name: default]
2025-03-04T19:18:22.907+02:00  INFO 14204 --- [job-tracker] [           main] o.h.c.internal.RegionFactoryInitiator    : HHH000026: Second-level cache disabled
2025-03-04T19:18:22.926+02:00  INFO 14204 --- [job-tracker] [           main] o.s.o.j.p.SpringPersistenceUnitInfo      : No LoadTimeWeaver setup: ignoring JPA class transformer
2025-03-04T19:18:22.933+02:00  WARN 14204 --- [job-tracker] [           main] org.hibernate.orm.deprecation            : HHH90000025: H2Dialect does not need to be specified explicitly using 'hibernate.dialect' (remove the property setting and it will be selected by default)
2025-03-04T19:18:23.879+02:00  INFO 14204 --- [job-tracker] [           main] o.h.e.t.j.p.i.JtaPlatformInitiator       : HHH000489: No JTA platform available (set 'hibernate.transaction.jta.platform' to enable JTA platform integration)
2025-03-04T19:18:23.887+02:00 DEBUG 14204 --- [job-tracker] [           main] org.hibernate.SQL                        : 
    drop table if exists jobs cascade 
Hibernate: 
    drop table if exists jobs cascade 
2025-03-04T19:18:23.897+02:00 DEBUG 14204 --- [job-tracker] [           main] org.hibernate.SQL                        : 
    create table jobs (
        application_date timestamp(6),
        created_at timestamp(6),
        id bigint generated by default as identity,
        last_updated timestamp(6),
        modified_at timestamp(6),
        application_url varchar(255),
        company varchar(255),
        created_by varchar(255),
        location varchar(255),
        modified_by varchar(255),
        notes varchar(255),
        position varchar(255),
        status varchar(255),
        primary key (id)
    )
Hibernate: 
    create table jobs (
        application_date timestamp(6),
        created_at timestamp(6),
        id bigint generated by default as identity,
        last_updated timestamp(6),
        modified_at timestamp(6),
        application_url varchar(255),
        company varchar(255),
        created_by varchar(255),
        location varchar(255),
        modified_by varchar(255),
        notes varchar(255),
        position varchar(255),
        status varchar(255),
        primary key (id)
    )
2025-03-04T19:18:23.908+02:00  INFO 14204 --- [job-tracker] [           main] j.LocalContainerEntityManagerFactoryBean : Initialized JPA EntityManagerFactory for persistence unit 'default'
2025-03-04T19:18:24.324+02:00  INFO 14204 --- [job-tracker] [           main] c.w.j.repository.JobRepositoryTest       : Started JobRepositoryTest in 2.568 seconds (process running for 58.791)
2025-03-04T19:18:24.364+02:00 DEBUG 14204 --- [job-tracker] [           main] org.hibernate.SQL                        : 
    insert 
    into
        jobs
        (application_date, application_url, company, created_at, created_by, last_updated, location, modified_at, modified_by, notes, position, status, id) 
    values
        (?, ?, ?, ?, ?, ?, ?, ?, ?, ?, ?, ?, default)
Hibernate: 
    insert 
    into
        jobs
        (application_date, application_url, company, created_at, created_by, last_updated, location, modified_at, modified_by, notes, position, status, id) 
    values
        (?, ?, ?, ?, ?, ?, ?, ?, ?, ?, ?, ?, default)
]]></system-out>
  </testcase>
  <testcase name="findById_WhenJobDoesNotExist_ShouldReturnEmpty" classname="com.work.jobtracker.repository.JobRepositoryTest" time="0.04">
    <system-out><![CDATA[2025-03-04T19:18:24.748+02:00 DEBUG 14204 --- [job-tracker] [           main] org.hibernate.SQL                        : 
    select
        j1_0.id,
        j1_0.application_date,
        j1_0.application_url,
        j1_0.company,
        j1_0.created_at,
        j1_0.created_by,
        j1_0.last_updated,
        j1_0.location,
        j1_0.modified_at,
        j1_0.modified_by,
        j1_0.notes,
        j1_0.position,
        j1_0.status 
    from
        jobs j1_0 
    where
        j1_0.id=?
Hibernate: 
    select
        j1_0.id,
        j1_0.application_date,
        j1_0.application_url,
        j1_0.company,
        j1_0.created_at,
        j1_0.created_by,
        j1_0.last_updated,
        j1_0.location,
        j1_0.modified_at,
        j1_0.modified_by,
        j1_0.notes,
        j1_0.position,
        j1_0.status 
    from
        jobs j1_0 
    where
        j1_0.id=?
]]></system-out>
  </testcase>
  <testcase name="findByStatus_ShouldReturnJobsWithMatchingStatus" classname="com.work.jobtracker.repository.JobRepositoryTest" time="0.381">
    <system-out><![CDATA[2025-03-04T19:18:24.766+02:00 DEBUG 14204 --- [job-tracker] [           main] org.hibernate.SQL                        : 
    insert 
    into
        jobs
        (application_date, application_url, company, created_at, created_by, last_updated, location, modified_at, modified_by, notes, position, status, id) 
    values
        (?, ?, ?, ?, ?, ?, ?, ?, ?, ?, ?, ?, default)
Hibernate: 
    insert 
    into
        jobs
        (application_date, application_url, company, created_at, created_by, last_updated, location, modified_at, modified_by, notes, position, status, id) 
    values
        (?, ?, ?, ?, ?, ?, ?, ?, ?, ?, ?, ?, default)
2025-03-04T19:18:24.816+02:00 DEBUG 14204 --- [job-tracker] [           main] org.hibernate.SQL                        : 
    insert 
    into
        jobs
        (application_date, application_url, company, created_at, created_by, last_updated, location, modified_at, modified_by, notes, position, status, id) 
    values
        (?, ?, ?, ?, ?, ?, ?, ?, ?, ?, ?, ?, default)
Hibernate: 
    insert 
    into
        jobs
        (application_date, application_url, company, created_at, created_by, last_updated, location, modified_at, modified_by, notes, position, status, id) 
    values
        (?, ?, ?, ?, ?, ?, ?, ?, ?, ?, ?, ?, default)
2025-03-04T19:18:24.947+02:00 DEBUG 14204 --- [job-tracker] [           main] org.hibernate.SQL                        : 
    select
        j1_0.id,
        j1_0.application_date,
        j1_0.application_url,
        j1_0.company,
        j1_0.created_at,
        j1_0.created_by,
        j1_0.last_updated,
        j1_0.location,
        j1_0.modified_at,
        j1_0.modified_by,
        j1_0.notes,
        j1_0.position,
        j1_0.status 
    from
        jobs j1_0 
    where
        j1_0.status=?
Hibernate: 
    select
        j1_0.id,
        j1_0.application_date,
        j1_0.application_url,
        j1_0.company,
        j1_0.created_at,
        j1_0.created_by,
        j1_0.last_updated,
        j1_0.location,
        j1_0.modified_at,
        j1_0.modified_by,
        j1_0.notes,
        j1_0.position,
        j1_0.status 
    from
        jobs j1_0 
    where
        j1_0.status=?
]]></system-out>
  </testcase>
  <testcase name="findAll_ShouldReturnAllJobs" classname="com.work.jobtracker.repository.JobRepositoryTest" time="0.025">
    <system-out><![CDATA[2025-03-04T19:18:25.153+02:00 DEBUG 14204 --- [job-tracker] [           main] org.hibernate.SQL                        : 
    insert 
    into
        jobs
        (application_date, application_url, company, created_at, created_by, last_updated, location, modified_at, modified_by, notes, position, status, id) 
    values
        (?, ?, ?, ?, ?, ?, ?, ?, ?, ?, ?, ?, default)
Hibernate: 
    insert 
    into
        jobs
        (application_date, application_url, company, created_at, created_by, last_updated, location, modified_at, modified_by, notes, position, status, id) 
    values
        (?, ?, ?, ?, ?, ?, ?, ?, ?, ?, ?, ?, default)
2025-03-04T19:18:25.159+02:00 DEBUG 14204 --- [job-tracker] [           main] org.hibernate.SQL                        : 
    insert 
    into
        jobs
        (application_date, application_url, company, created_at, created_by, last_updated, location, modified_at, modified_by, notes, position, status, id) 
    values
        (?, ?, ?, ?, ?, ?, ?, ?, ?, ?, ?, ?, default)
Hibernate: 
    insert 
    into
        jobs
        (application_date, application_url, company, created_at, created_by, last_updated, location, modified_at, modified_by, notes, position, status, id) 
    values
        (?, ?, ?, ?, ?, ?, ?, ?, ?, ?, ?, ?, default)
2025-03-04T19:18:25.165+02:00 DEBUG 14204 --- [job-tracker] [           main] org.hibernate.SQL                        : 
    select
        j1_0.id,
        j1_0.application_date,
        j1_0.application_url,
        j1_0.company,
        j1_0.created_at,
        j1_0.created_by,
        j1_0.last_updated,
        j1_0.location,
        j1_0.modified_at,
        j1_0.modified_by,
        j1_0.notes,
        j1_0.position,
        j1_0.status 
    from
        jobs j1_0
Hibernate: 
    select
        j1_0.id,
        j1_0.application_date,
        j1_0.application_url,
        j1_0.company,
        j1_0.created_at,
        j1_0.created_by,
        j1_0.last_updated,
        j1_0.location,
        j1_0.modified_at,
        j1_0.modified_by,
        j1_0.notes,
        j1_0.position,
        j1_0.status 
    from
        jobs j1_0
]]></system-out>
  </testcase>
  <testcase name="save_ShouldPersistJob" classname="com.work.jobtracker.repository.JobRepositoryTest" time="0.06">
    <system-out><![CDATA[2025-03-04T19:18:25.195+02:00 DEBUG 14204 --- [job-tracker] [           main] org.hibernate.SQL                        : 
    insert 
    into
        jobs
        (application_date, application_url, company, created_at, created_by, last_updated, location, modified_at, modified_by, notes, position, status, id) 
    values
        (?, ?, ?, ?, ?, ?, ?, ?, ?, ?, ?, ?, default)
Hibernate: 
    insert 
    into
        jobs
        (application_date, application_url, company, created_at, created_by, last_updated, location, modified_at, modified_by, notes, position, status, id) 
    values
        (?, ?, ?, ?, ?, ?, ?, ?, ?, ?, ?, ?, default)
]]></system-out>
  </testcase>
  <testcase name="deleteById_ShouldRemoveJob" classname="com.work.jobtracker.repository.JobRepositoryTest" time="0.054">
    <system-out><![CDATA[2025-03-04T19:18:25.250+02:00 DEBUG 14204 --- [job-tracker] [           main] org.hibernate.SQL                        : 
    insert 
    into
        jobs
        (application_date, application_url, company, created_at, created_by, last_updated, location, modified_at, modified_by, notes, position, status, id) 
    values
        (?, ?, ?, ?, ?, ?, ?, ?, ?, ?, ?, ?, default)
Hibernate: 
    insert 
    into
        jobs
        (application_date, application_url, company, created_at, created_by, last_updated, location, modified_at, modified_by, notes, position, status, id) 
    values
        (?, ?, ?, ?, ?, ?, ?, ?, ?, ?, ?, ?, default)
]]></system-out>
  </testcase>
</testsuite>